<application>
  <component name="JUnitGeneratorAppSettings">
    <option name="outputFilePattern" value="${TESTPATH}/${PACKAGE}/${FILENAME}" />
    <option name="selectedTemplateKey" value="JUnit 4" />
  </component>
</application>